

Started GET "/" for 127.0.0.1 at 2015-12-10 23:46:24 +0530
Processing by Rails::WelcomeController#index as HTML
  Rendered /home/vitroj/.rvm/gems/ruby-2.2.0@4.2.5/gems/railties-4.2.5/lib/rails/templates/rails/welcome/index.html.erb (1.9ms)
Completed 200 OK in 60ms (Views: 46.7ms | ActiveRecord: 0.0ms)


Started GET "/rails/info/properties" for 127.0.0.1 at 2015-12-10 23:46:32 +0530
Processing by Rails::InfoController#properties as HTML
  Rendered /home/vitroj/.rvm/gems/ruby-2.2.0@4.2.5/gems/railties-4.2.5/lib/rails/templates/rails/info/properties.html.erb (0.4ms)
Completed 200 OK in 35ms (Views: 9.4ms | ActiveRecord: 1.2ms)


Started GET "/" for 127.0.0.1 at 2015-12-10 23:54:42 +0530

SyntaxError (/home/vitroj/ror/hello-app/app/controllers/application_controller.rb:6: syntax error, unexpected tSTRING_BEG, expecting keyword_end
  	render:text "Hello, World!!!"
  	             ^):
  app/controllers/application_controller.rb:6: syntax error, unexpected tSTRING_BEG, expecting keyword_end


  Rendered /home/vitroj/.rvm/gems/ruby-2.2.0@4.2.5/gems/actionpack-4.2.5/lib/action_dispatch/middleware/templates/rescues/_source.erb (3.0ms)
  Rendered /home/vitroj/.rvm/gems/ruby-2.2.0@4.2.5/gems/actionpack-4.2.5/lib/action_dispatch/middleware/templates/rescues/_trace.html.erb (1.5ms)
  Rendered /home/vitroj/.rvm/gems/ruby-2.2.0@4.2.5/gems/actionpack-4.2.5/lib/action_dispatch/middleware/templates/rescues/_request_and_response.html.erb (1.2ms)
  Rendered /home/vitroj/.rvm/gems/ruby-2.2.0@4.2.5/gems/actionpack-4.2.5/lib/action_dispatch/middleware/templates/rescues/diagnostics.html.erb within rescues/layout (19.5ms)
  Rendered /home/vitroj/.rvm/gems/ruby-2.2.0@4.2.5/gems/web-console-2.2.1/lib/web_console/templates/_markup.html.erb (0.5ms)
  Rendered /home/vitroj/.rvm/gems/ruby-2.2.0@4.2.5/gems/web-console-2.2.1/lib/web_console/templates/_inner_console_markup.html.erb within layouts/inlined_string (0.6ms)
  Rendered /home/vitroj/.rvm/gems/ruby-2.2.0@4.2.5/gems/web-console-2.2.1/lib/web_console/templates/_prompt_box_markup.html.erb within layouts/inlined_string (0.6ms)
  Rendered /home/vitroj/.rvm/gems/ruby-2.2.0@4.2.5/gems/web-console-2.2.1/lib/web_console/templates/style.css.erb within layouts/inlined_string (0.4ms)
  Rendered /home/vitroj/.rvm/gems/ruby-2.2.0@4.2.5/gems/web-console-2.2.1/lib/web_console/templates/console.js.erb within layouts/javascript (31.6ms)
  Rendered /home/vitroj/.rvm/gems/ruby-2.2.0@4.2.5/gems/web-console-2.2.1/lib/web_console/templates/main.js.erb within layouts/javascript (0.3ms)
  Rendered /home/vitroj/.rvm/gems/ruby-2.2.0@4.2.5/gems/web-console-2.2.1/lib/web_console/templates/error_page.js.erb within layouts/javascript (0.8ms)
  Rendered /home/vitroj/.rvm/gems/ruby-2.2.0@4.2.5/gems/web-console-2.2.1/lib/web_console/templates/index.html.erb (73.4ms)


Started GET "/" for 127.0.0.1 at 2015-12-10 23:55:22 +0530

SyntaxError (/home/vitroj/ror/hello-app/app/controllers/application_controller.rb:7: syntax error, unexpected tSTRING_BEG, expecting keyword_end
  	render:text "Hello, World!!!"
  	             ^):
  app/controllers/application_controller.rb:7: syntax error, unexpected tSTRING_BEG, expecting keyword_end


  Rendered /home/vitroj/.rvm/gems/ruby-2.2.0@4.2.5/gems/actionpack-4.2.5/lib/action_dispatch/middleware/templates/rescues/_source.erb (3.3ms)
  Rendered /home/vitroj/.rvm/gems/ruby-2.2.0@4.2.5/gems/actionpack-4.2.5/lib/action_dispatch/middleware/templates/rescues/_trace.html.erb (1.6ms)
  Rendered /home/vitroj/.rvm/gems/ruby-2.2.0@4.2.5/gems/actionpack-4.2.5/lib/action_dispatch/middleware/templates/rescues/_request_and_response.html.erb (1.0ms)
  Rendered /home/vitroj/.rvm/gems/ruby-2.2.0@4.2.5/gems/actionpack-4.2.5/lib/action_dispatch/middleware/templates/rescues/diagnostics.html.erb within rescues/layout (18.1ms)
  Rendered /home/vitroj/.rvm/gems/ruby-2.2.0@4.2.5/gems/web-console-2.2.1/lib/web_console/templates/_markup.html.erb (0.3ms)
  Rendered /home/vitroj/.rvm/gems/ruby-2.2.0@4.2.5/gems/web-console-2.2.1/lib/web_console/templates/_inner_console_markup.html.erb within layouts/inlined_string (0.4ms)
  Rendered /home/vitroj/.rvm/gems/ruby-2.2.0@4.2.5/gems/web-console-2.2.1/lib/web_console/templates/_prompt_box_markup.html.erb within layouts/inlined_string (0.3ms)
  Rendered /home/vitroj/.rvm/gems/ruby-2.2.0@4.2.5/gems/web-console-2.2.1/lib/web_console/templates/style.css.erb within layouts/inlined_string (0.3ms)
  Rendered /home/vitroj/.rvm/gems/ruby-2.2.0@4.2.5/gems/web-console-2.2.1/lib/web_console/templates/console.js.erb within layouts/javascript (14.8ms)
  Rendered /home/vitroj/.rvm/gems/ruby-2.2.0@4.2.5/gems/web-console-2.2.1/lib/web_console/templates/main.js.erb within layouts/javascript (0.2ms)
  Rendered /home/vitroj/.rvm/gems/ruby-2.2.0@4.2.5/gems/web-console-2.2.1/lib/web_console/templates/error_page.js.erb within layouts/javascript (0.3ms)
  Rendered /home/vitroj/.rvm/gems/ruby-2.2.0@4.2.5/gems/web-console-2.2.1/lib/web_console/templates/index.html.erb (28.3ms)


Started GET "/" for 127.0.0.1 at 2015-12-10 23:55:22 +0530

SyntaxError (/home/vitroj/ror/hello-app/app/controllers/application_controller.rb:7: syntax error, unexpected tSTRING_BEG, expecting keyword_end
  	render:text "Hello, World!!!"
  	             ^):
  app/controllers/application_controller.rb:7: syntax error, unexpected tSTRING_BEG, expecting keyword_end


  Rendered /home/vitroj/.rvm/gems/ruby-2.2.0@4.2.5/gems/actionpack-4.2.5/lib/action_dispatch/middleware/templates/rescues/_source.erb (3.9ms)
  Rendered /home/vitroj/.rvm/gems/ruby-2.2.0@4.2.5/gems/actionpack-4.2.5/lib/action_dispatch/middleware/templates/rescues/_trace.html.erb (1.8ms)
  Rendered /home/vitroj/.rvm/gems/ruby-2.2.0@4.2.5/gems/actionpack-4.2.5/lib/action_dispatch/middleware/templates/rescues/_request_and_response.html.erb (0.9ms)
  Rendered /home/vitroj/.rvm/gems/ruby-2.2.0@4.2.5/gems/actionpack-4.2.5/lib/action_dispatch/middleware/templates/rescues/diagnostics.html.erb within rescues/layout (19.0ms)
  Rendered /home/vitroj/.rvm/gems/ruby-2.2.0@4.2.5/gems/web-console-2.2.1/lib/web_console/templates/_markup.html.erb (0.3ms)
  Rendered /home/vitroj/.rvm/gems/ruby-2.2.0@4.2.5/gems/web-console-2.2.1/lib/web_console/templates/_inner_console_markup.html.erb within layouts/inlined_string (0.3ms)
  Rendered /home/vitroj/.rvm/gems/ruby-2.2.0@4.2.5/gems/web-console-2.2.1/lib/web_console/templates/_prompt_box_markup.html.erb within layouts/inlined_string (0.3ms)
  Rendered /home/vitroj/.rvm/gems/ruby-2.2.0@4.2.5/gems/web-console-2.2.1/lib/web_console/templates/style.css.erb within layouts/inlined_string (0.4ms)
  Rendered /home/vitroj/.rvm/gems/ruby-2.2.0@4.2.5/gems/web-console-2.2.1/lib/web_console/templates/console.js.erb within layouts/javascript (15.5ms)
  Rendered /home/vitroj/.rvm/gems/ruby-2.2.0@4.2.5/gems/web-console-2.2.1/lib/web_console/templates/main.js.erb within layouts/javascript (0.3ms)
  Rendered /home/vitroj/.rvm/gems/ruby-2.2.0@4.2.5/gems/web-console-2.2.1/lib/web_console/templates/error_page.js.erb within layouts/javascript (0.3ms)
  Rendered /home/vitroj/.rvm/gems/ruby-2.2.0@4.2.5/gems/web-console-2.2.1/lib/web_console/templates/index.html.erb (30.2ms)


Started GET "/" for 127.0.0.1 at 2015-12-10 23:55:50 +0530

SyntaxError (/home/vitroj/ror/hello-app/app/controllers/application_controller.rb:11: syntax error, unexpected ':', expecting keyword_end
en : 
    ^):
  app/controllers/application_controller.rb:11: syntax error, unexpected ':', expecting keyword_end


  Rendered /home/vitroj/.rvm/gems/ruby-2.2.0@4.2.5/gems/actionpack-4.2.5/lib/action_dispatch/middleware/templates/rescues/_source.erb (3.4ms)
  Rendered /home/vitroj/.rvm/gems/ruby-2.2.0@4.2.5/gems/actionpack-4.2.5/lib/action_dispatch/middleware/templates/rescues/_trace.html.erb (1.8ms)
  Rendered /home/vitroj/.rvm/gems/ruby-2.2.0@4.2.5/gems/actionpack-4.2.5/lib/action_dispatch/middleware/templates/rescues/_request_and_response.html.erb (0.8ms)
  Rendered /home/vitroj/.rvm/gems/ruby-2.2.0@4.2.5/gems/actionpack-4.2.5/lib/action_dispatch/middleware/templates/rescues/diagnostics.html.erb within rescues/layout (18.3ms)
  Rendered /home/vitroj/.rvm/gems/ruby-2.2.0@4.2.5/gems/web-console-2.2.1/lib/web_console/templates/_markup.html.erb (0.3ms)
  Rendered /home/vitroj/.rvm/gems/ruby-2.2.0@4.2.5/gems/web-console-2.2.1/lib/web_console/templates/_inner_console_markup.html.erb within layouts/inlined_string (0.2ms)
  Rendered /home/vitroj/.rvm/gems/ruby-2.2.0@4.2.5/gems/web-console-2.2.1/lib/web_console/templates/_prompt_box_markup.html.erb within layouts/inlined_string (0.4ms)
  Rendered /home/vitroj/.rvm/gems/ruby-2.2.0@4.2.5/gems/web-console-2.2.1/lib/web_console/templates/style.css.erb within layouts/inlined_string (0.5ms)
  Rendered /home/vitroj/.rvm/gems/ruby-2.2.0@4.2.5/gems/web-console-2.2.1/lib/web_console/templates/console.js.erb within layouts/javascript (14.9ms)
  Rendered /home/vitroj/.rvm/gems/ruby-2.2.0@4.2.5/gems/web-console-2.2.1/lib/web_console/templates/main.js.erb within layouts/javascript (0.3ms)
  Rendered /home/vitroj/.rvm/gems/ruby-2.2.0@4.2.5/gems/web-console-2.2.1/lib/web_console/templates/error_page.js.erb within layouts/javascript (0.4ms)
  Rendered /home/vitroj/.rvm/gems/ruby-2.2.0@4.2.5/gems/web-console-2.2.1/lib/web_console/templates/index.html.erb (29.7ms)


Started GET "/" for 127.0.0.1 at 2015-12-10 23:56:08 +0530

SyntaxError (/home/vitroj/ror/hello-app/app/controllers/application_controller.rb:10: syntax error, unexpected end-of-input, expecting keyword_end):
  app/controllers/application_controller.rb:10: syntax error, unexpected end-of-input, expecting keyword_end


  Rendered /home/vitroj/.rvm/gems/ruby-2.2.0@4.2.5/gems/actionpack-4.2.5/lib/action_dispatch/middleware/templates/rescues/_source.erb (4.0ms)
  Rendered /home/vitroj/.rvm/gems/ruby-2.2.0@4.2.5/gems/actionpack-4.2.5/lib/action_dispatch/middleware/templates/rescues/_trace.html.erb (1.7ms)
  Rendered /home/vitroj/.rvm/gems/ruby-2.2.0@4.2.5/gems/actionpack-4.2.5/lib/action_dispatch/middleware/templates/rescues/_request_and_response.html.erb (0.9ms)
  Rendered /home/vitroj/.rvm/gems/ruby-2.2.0@4.2.5/gems/actionpack-4.2.5/lib/action_dispatch/middleware/templates/rescues/diagnostics.html.erb within rescues/layout (18.5ms)
  Rendered /home/vitroj/.rvm/gems/ruby-2.2.0@4.2.5/gems/web-console-2.2.1/lib/web_console/templates/_markup.html.erb (0.3ms)
  Rendered /home/vitroj/.rvm/gems/ruby-2.2.0@4.2.5/gems/web-console-2.2.1/lib/web_console/templates/_inner_console_markup.html.erb within layouts/inlined_string (0.3ms)
  Rendered /home/vitroj/.rvm/gems/ruby-2.2.0@4.2.5/gems/web-console-2.2.1/lib/web_console/templates/_prompt_box_markup.html.erb within layouts/inlined_string (0.4ms)
  Rendered /home/vitroj/.rvm/gems/ruby-2.2.0@4.2.5/gems/web-console-2.2.1/lib/web_console/templates/style.css.erb within layouts/inlined_string (0.4ms)
  Rendered /home/vitroj/.rvm/gems/ruby-2.2.0@4.2.5/gems/web-console-2.2.1/lib/web_console/templates/console.js.erb within layouts/javascript (14.5ms)
  Rendered /home/vitroj/.rvm/gems/ruby-2.2.0@4.2.5/gems/web-console-2.2.1/lib/web_console/templates/main.js.erb within layouts/javascript (0.3ms)
  Rendered /home/vitroj/.rvm/gems/ruby-2.2.0@4.2.5/gems/web-console-2.2.1/lib/web_console/templates/error_page.js.erb within layouts/javascript (0.3ms)
  Rendered /home/vitroj/.rvm/gems/ruby-2.2.0@4.2.5/gems/web-console-2.2.1/lib/web_console/templates/index.html.erb (29.3ms)


Started GET "/" for 127.0.0.1 at 2015-12-10 23:56:20 +0530
Processing by ApplicationController#hello as HTML
  Rendered text template (0.0ms)
Completed 200 OK in 4ms (Views: 3.8ms | ActiveRecord: 0.0ms)


Started GET "/" for 127.0.0.1 at 2015-12-10 23:56:59 +0530
Processing by ApplicationController#hello as HTML
  Rendered text template (0.0ms)
Completed 500 Internal Server Error in 3ms (Views: 1.9ms | ActiveRecord: 0.0ms)

AbstractController::DoubleRenderError (Render and/or redirect were called multiple times in this action. Please note that you may only call render OR redirect, and at most once per action. Also note that neither redirect nor render terminate execution of the action, so if you want to exit an action after redirecting, you need to do something like "redirect_to(...) and return".):
  app/controllers/application_controller.rb:8:in `hello'


  Rendered /home/vitroj/.rvm/gems/ruby-2.2.0@4.2.5/gems/actionpack-4.2.5/lib/action_dispatch/middleware/templates/rescues/_source.erb (4.1ms)
  Rendered /home/vitroj/.rvm/gems/ruby-2.2.0@4.2.5/gems/actionpack-4.2.5/lib/action_dispatch/middleware/templates/rescues/_trace.html.erb (2.1ms)
  Rendered /home/vitroj/.rvm/gems/ruby-2.2.0@4.2.5/gems/actionpack-4.2.5/lib/action_dispatch/middleware/templates/rescues/_request_and_response.html.erb (1.1ms)
  Rendered /home/vitroj/.rvm/gems/ruby-2.2.0@4.2.5/gems/actionpack-4.2.5/lib/action_dispatch/middleware/templates/rescues/diagnostics.html.erb within rescues/layout (18.8ms)
  Rendered /home/vitroj/.rvm/gems/ruby-2.2.0@4.2.5/gems/web-console-2.2.1/lib/web_console/templates/_markup.html.erb (0.3ms)
  Rendered /home/vitroj/.rvm/gems/ruby-2.2.0@4.2.5/gems/web-console-2.2.1/lib/web_console/templates/_inner_console_markup.html.erb within layouts/inlined_string (0.3ms)
  Rendered /home/vitroj/.rvm/gems/ruby-2.2.0@4.2.5/gems/web-console-2.2.1/lib/web_console/templates/_prompt_box_markup.html.erb within layouts/inlined_string (0.4ms)
  Rendered /home/vitroj/.rvm/gems/ruby-2.2.0@4.2.5/gems/web-console-2.2.1/lib/web_console/templates/style.css.erb within layouts/inlined_string (0.3ms)
  Rendered /home/vitroj/.rvm/gems/ruby-2.2.0@4.2.5/gems/web-console-2.2.1/lib/web_console/templates/console.js.erb within layouts/javascript (14.5ms)
  Rendered /home/vitroj/.rvm/gems/ruby-2.2.0@4.2.5/gems/web-console-2.2.1/lib/web_console/templates/main.js.erb within layouts/javascript (0.2ms)
  Rendered /home/vitroj/.rvm/gems/ruby-2.2.0@4.2.5/gems/web-console-2.2.1/lib/web_console/templates/error_page.js.erb within layouts/javascript (0.4ms)
  Rendered /home/vitroj/.rvm/gems/ruby-2.2.0@4.2.5/gems/web-console-2.2.1/lib/web_console/templates/index.html.erb (28.5ms)


Started GET "/" for 127.0.0.1 at 2015-12-10 23:57:39 +0530
Processing by ApplicationController#hello as HTML
  Rendered text template (0.0ms)
Completed 200 OK in 5ms (Views: 4.5ms | ActiveRecord: 0.0ms)


Started GET "/" for 127.0.0.1 at 2015-12-10 23:58:00 +0530
Processing by ApplicationController#hello as HTML
  Rendered text template (0.0ms)
Completed 200 OK in 5ms (Views: 4.6ms | ActiveRecord: 0.0ms)


Started GET "/" for 127.0.0.1 at 2015-12-10 23:58:00 +0530
Processing by ApplicationController#hello as HTML
  Rendered text template (0.0ms)
Completed 200 OK in 0ms (Views: 0.2ms | ActiveRecord: 0.0ms)


Started GET "/" for 127.0.0.1 at 2015-12-10 23:58:08 +0530
Processing by ApplicationController#hello as HTML
  Rendered text template (0.0ms)
Completed 200 OK in 5ms (Views: 4.5ms | ActiveRecord: 0.0ms)


Started GET "/" for 127.0.0.1 at 2015-12-10 23:58:24 +0530
Processing by ApplicationController#hello as HTML
  Rendered text template (0.0ms)
Completed 200 OK in 2ms (Views: 2.1ms | ActiveRecord: 0.0ms)


Started GET "/" for 127.0.0.1 at 2015-12-10 23:58:40 +0530
Processing by ApplicationController#hello as HTML
  Rendered text template (0.1ms)
Completed 200 OK in 8ms (Views: 6.8ms | ActiveRecord: 0.0ms)


Started GET "/" for 127.0.0.1 at 2015-12-10 23:59:56 +0530
Processing by ApplicationController#hello as HTML
  Rendered text template (0.0ms)
Completed 500 Internal Server Error in 4ms (Views: 2.7ms | ActiveRecord: 0.0ms)

AbstractController::DoubleRenderError (Render and/or redirect were called multiple times in this action. Please note that you may only call render OR redirect, and at most once per action. Also note that neither redirect nor render terminate execution of the action, so if you want to exit an action after redirecting, you need to do something like "redirect_to(...) and return".):
  app/controllers/application_controller.rb:12:in `this'
  app/controllers/application_controller.rb:8:in `hello'


  Rendered /home/vitroj/.rvm/gems/ruby-2.2.0@4.2.5/gems/actionpack-4.2.5/lib/action_dispatch/middleware/templates/rescues/_source.erb (4.6ms)
  Rendered /home/vitroj/.rvm/gems/ruby-2.2.0@4.2.5/gems/actionpack-4.2.5/lib/action_dispatch/middleware/templates/rescues/_trace.html.erb (2.1ms)
  Rendered /home/vitroj/.rvm/gems/ruby-2.2.0@4.2.5/gems/actionpack-4.2.5/lib/action_dispatch/middleware/templates/rescues/_request_and_response.html.erb (0.8ms)
  Rendered /home/vitroj/.rvm/gems/ruby-2.2.0@4.2.5/gems/actionpack-4.2.5/lib/action_dispatch/middleware/templates/rescues/diagnostics.html.erb within rescues/layout (19.2ms)
  Rendered /home/vitroj/.rvm/gems/ruby-2.2.0@4.2.5/gems/web-console-2.2.1/lib/web_console/templates/_markup.html.erb (0.3ms)
  Rendered /home/vitroj/.rvm/gems/ruby-2.2.0@4.2.5/gems/web-console-2.2.1/lib/web_console/templates/_inner_console_markup.html.erb within layouts/inlined_string (0.4ms)
  Rendered /home/vitroj/.rvm/gems/ruby-2.2.0@4.2.5/gems/web-console-2.2.1/lib/web_console/templates/_prompt_box_markup.html.erb within layouts/inlined_string (0.4ms)
  Rendered /home/vitroj/.rvm/gems/ruby-2.2.0@4.2.5/gems/web-console-2.2.1/lib/web_console/templates/style.css.erb within layouts/inlined_string (0.3ms)
  Rendered /home/vitroj/.rvm/gems/ruby-2.2.0@4.2.5/gems/web-console-2.2.1/lib/web_console/templates/console.js.erb within layouts/javascript (15.2ms)
  Rendered /home/vitroj/.rvm/gems/ruby-2.2.0@4.2.5/gems/web-console-2.2.1/lib/web_console/templates/main.js.erb within layouts/javascript (0.3ms)
  Rendered /home/vitroj/.rvm/gems/ruby-2.2.0@4.2.5/gems/web-console-2.2.1/lib/web_console/templates/error_page.js.erb within layouts/javascript (0.3ms)
  Rendered /home/vitroj/.rvm/gems/ruby-2.2.0@4.2.5/gems/web-console-2.2.1/lib/web_console/templates/index.html.erb (29.5ms)


Started GET "/" for 127.0.0.1 at 2015-12-11 00:00:05 +0530

SyntaxError (/home/vitroj/ror/hello-app/app/controllers/application_controller.rb:8: syntax error, unexpected ':', expecting keyword_end
  	redirect_to: this
  	            ^):
  app/controllers/application_controller.rb:8: syntax error, unexpected ':', expecting keyword_end


  Rendered /home/vitroj/.rvm/gems/ruby-2.2.0@4.2.5/gems/actionpack-4.2.5/lib/action_dispatch/middleware/templates/rescues/_source.erb (3.5ms)
  Rendered /home/vitroj/.rvm/gems/ruby-2.2.0@4.2.5/gems/actionpack-4.2.5/lib/action_dispatch/middleware/templates/rescues/_trace.html.erb (1.6ms)
  Rendered /home/vitroj/.rvm/gems/ruby-2.2.0@4.2.5/gems/actionpack-4.2.5/lib/action_dispatch/middleware/templates/rescues/_request_and_response.html.erb (0.8ms)
  Rendered /home/vitroj/.rvm/gems/ruby-2.2.0@4.2.5/gems/actionpack-4.2.5/lib/action_dispatch/middleware/templates/rescues/diagnostics.html.erb within rescues/layout (17.8ms)
  Rendered /home/vitroj/.rvm/gems/ruby-2.2.0@4.2.5/gems/web-console-2.2.1/lib/web_console/templates/_markup.html.erb (0.3ms)
  Rendered /home/vitroj/.rvm/gems/ruby-2.2.0@4.2.5/gems/web-console-2.2.1/lib/web_console/templates/_inner_console_markup.html.erb within layouts/inlined_string (0.2ms)
  Rendered /home/vitroj/.rvm/gems/ruby-2.2.0@4.2.5/gems/web-console-2.2.1/lib/web_console/templates/_prompt_box_markup.html.erb within layouts/inlined_string (0.5ms)
  Rendered /home/vitroj/.rvm/gems/ruby-2.2.0@4.2.5/gems/web-console-2.2.1/lib/web_console/templates/style.css.erb within layouts/inlined_string (0.3ms)
  Rendered /home/vitroj/.rvm/gems/ruby-2.2.0@4.2.5/gems/web-console-2.2.1/lib/web_console/templates/console.js.erb within layouts/javascript (14.7ms)
  Rendered /home/vitroj/.rvm/gems/ruby-2.2.0@4.2.5/gems/web-console-2.2.1/lib/web_console/templates/main.js.erb within layouts/javascript (0.3ms)
  Rendered /home/vitroj/.rvm/gems/ruby-2.2.0@4.2.5/gems/web-console-2.2.1/lib/web_console/templates/error_page.js.erb within layouts/javascript (0.3ms)
  Rendered /home/vitroj/.rvm/gems/ruby-2.2.0@4.2.5/gems/web-console-2.2.1/lib/web_console/templates/index.html.erb (29.0ms)


Started GET "/" for 127.0.0.1 at 2015-12-11 00:00:19 +0530
Processing by ApplicationController#hello as HTML
  Rendered text template (0.0ms)
Completed 500 Internal Server Error in 5ms (Views: 3.7ms | ActiveRecord: 0.0ms)

AbstractController::DoubleRenderError (Render and/or redirect were called multiple times in this action. Please note that you may only call render OR redirect, and at most once per action. Also note that neither redirect nor render terminate execution of the action, so if you want to exit an action after redirecting, you need to do something like "redirect_to(...) and return".):
  app/controllers/application_controller.rb:12:in `this'
  app/controllers/application_controller.rb:8:in `hello'


  Rendered /home/vitroj/.rvm/gems/ruby-2.2.0@4.2.5/gems/actionpack-4.2.5/lib/action_dispatch/middleware/templates/rescues/_source.erb (4.1ms)
  Rendered /home/vitroj/.rvm/gems/ruby-2.2.0@4.2.5/gems/actionpack-4.2.5/lib/action_dispatch/middleware/templates/rescues/_trace.html.erb (2.4ms)
  Rendered /home/vitroj/.rvm/gems/ruby-2.2.0@4.2.5/gems/actionpack-4.2.5/lib/action_dispatch/middleware/templates/rescues/_request_and_response.html.erb (1.2ms)
  Rendered /home/vitroj/.rvm/gems/ruby-2.2.0@4.2.5/gems/actionpack-4.2.5/lib/action_dispatch/middleware/templates/rescues/diagnostics.html.erb within rescues/layout (19.8ms)
  Rendered /home/vitroj/.rvm/gems/ruby-2.2.0@4.2.5/gems/web-console-2.2.1/lib/web_console/templates/_markup.html.erb (0.2ms)
  Rendered /home/vitroj/.rvm/gems/ruby-2.2.0@4.2.5/gems/web-console-2.2.1/lib/web_console/templates/_inner_console_markup.html.erb within layouts/inlined_string (0.3ms)
  Rendered /home/vitroj/.rvm/gems/ruby-2.2.0@4.2.5/gems/web-console-2.2.1/lib/web_console/templates/_prompt_box_markup.html.erb within layouts/inlined_string (0.4ms)
  Rendered /home/vitroj/.rvm/gems/ruby-2.2.0@4.2.5/gems/web-console-2.2.1/lib/web_console/templates/style.css.erb within layouts/inlined_string (0.3ms)
  Rendered /home/vitroj/.rvm/gems/ruby-2.2.0@4.2.5/gems/web-console-2.2.1/lib/web_console/templates/console.js.erb within layouts/javascript (15.0ms)
  Rendered /home/vitroj/.rvm/gems/ruby-2.2.0@4.2.5/gems/web-console-2.2.1/lib/web_console/templates/main.js.erb within layouts/javascript (0.3ms)
  Rendered /home/vitroj/.rvm/gems/ruby-2.2.0@4.2.5/gems/web-console-2.2.1/lib/web_console/templates/error_page.js.erb within layouts/javascript (0.4ms)
  Rendered /home/vitroj/.rvm/gems/ruby-2.2.0@4.2.5/gems/web-console-2.2.1/lib/web_console/templates/index.html.erb (28.8ms)


Started GET "/" for 127.0.0.1 at 2015-12-11 00:01:09 +0530

ArgumentError (Missing :controller key on routes definition, please check your routes.):
  config/routes.rb:8:in `block in <top (required)>'
  config/routes.rb:1:in `<top (required)>'


  Rendered /home/vitroj/.rvm/gems/ruby-2.2.0@4.2.5/gems/actionpack-4.2.5/lib/action_dispatch/middleware/templates/rescues/_source.erb (4.3ms)
  Rendered /home/vitroj/.rvm/gems/ruby-2.2.0@4.2.5/gems/actionpack-4.2.5/lib/action_dispatch/middleware/templates/rescues/_trace.html.erb (1.7ms)
  Rendered /home/vitroj/.rvm/gems/ruby-2.2.0@4.2.5/gems/actionpack-4.2.5/lib/action_dispatch/middleware/templates/rescues/_request_and_response.html.erb (0.8ms)
  Rendered /home/vitroj/.rvm/gems/ruby-2.2.0@4.2.5/gems/actionpack-4.2.5/lib/action_dispatch/middleware/templates/rescues/diagnostics.html.erb within rescues/layout (19.0ms)
  Rendered /home/vitroj/.rvm/gems/ruby-2.2.0@4.2.5/gems/web-console-2.2.1/lib/web_console/templates/_markup.html.erb (0.4ms)
  Rendered /home/vitroj/.rvm/gems/ruby-2.2.0@4.2.5/gems/web-console-2.2.1/lib/web_console/templates/_inner_console_markup.html.erb within layouts/inlined_string (0.5ms)
  Rendered /home/vitroj/.rvm/gems/ruby-2.2.0@4.2.5/gems/web-console-2.2.1/lib/web_console/templates/_prompt_box_markup.html.erb within layouts/inlined_string (0.3ms)
  Rendered /home/vitroj/.rvm/gems/ruby-2.2.0@4.2.5/gems/web-console-2.2.1/lib/web_console/templates/style.css.erb within layouts/inlined_string (0.4ms)
  Rendered /home/vitroj/.rvm/gems/ruby-2.2.0@4.2.5/gems/web-console-2.2.1/lib/web_console/templates/console.js.erb within layouts/javascript (17.1ms)
  Rendered /home/vitroj/.rvm/gems/ruby-2.2.0@4.2.5/gems/web-console-2.2.1/lib/web_console/templates/main.js.erb within layouts/javascript (0.3ms)
  Rendered /home/vitroj/.rvm/gems/ruby-2.2.0@4.2.5/gems/web-console-2.2.1/lib/web_console/templates/error_page.js.erb within layouts/javascript (0.4ms)
  Rendered /home/vitroj/.rvm/gems/ruby-2.2.0@4.2.5/gems/web-console-2.2.1/lib/web_console/templates/index.html.erb (32.7ms)


Started GET "/" for 127.0.0.1 at 2015-12-11 00:01:45 +0530
Processing by ApplicationController#hello as HTML
  Rendered text template (0.0ms)
Completed 200 OK in 4ms (Views: 3.7ms | ActiveRecord: 0.0ms)


Started GET "/" for 127.0.0.1 at 2015-12-11 00:04:24 +0530
Processing by ApplicationController#hello as HTML
  Rendered text template (0.0ms)
Completed 200 OK in 1ms (Views: 0.6ms | ActiveRecord: 0.0ms)


Started GET "/" for 127.0.0.1 at 2015-12-11 00:04:24 +0530
Processing by ApplicationController#hello as HTML
  Rendered text template (0.0ms)
Completed 200 OK in 0ms (Views: 0.2ms | ActiveRecord: 0.0ms)


Started GET "/" for 127.0.0.1 at 2015-12-11 00:04:24 +0530
Processing by ApplicationController#hello as HTML
  Rendered text template (0.0ms)
Completed 200 OK in 1ms (Views: 0.5ms | ActiveRecord: 0.0ms)
